Arguments: 
  C:\Program Files\nodejs\node.exe C:\Users\최현석\AppData\Roaming\npm\node_modules\yarn\bin\yarn.js add --dev crypto-browserify stream-browserify assert stream-http https-browserify os-browserify url

PATH: 
  C:\Program Files\Common Files\Oracle\Java\javapath;C:\Python39\Scripts\;C:\Python39\;C:\Bitnami\wampstack-8.0.9-0\php;C:\Windows\system32;C:\Windows;C:\Windows\System32\Wbem;C:\Windows\System32\WindowsPowerShell\v1.0\;C:\Program Files\NVIDIA Corporation\NVIDIA NvDLISR;C:\Program Files (x86)\NVIDIA Corporation\PhysX\Common;C:\WINDOWS\system32;C:\WINDOWS;C:\WINDOWS\System32\Wbem;C:\WINDOWS\System32\WindowsPowerShell\v1.0\;C:\WINDOWS\System32\OpenSSH\;C:\Program Files\Git\cmd;C:\ProgramData\chocolatey\bin;C:\Program Files\Go\bin;C:\Program Files\Java\jdk-11.0.11;C:\Program Files\Java\jdk-11.0.11\bin;C:\Androidstudio\platform-tools\;C:\Androidstudio\emulator\;C:\Androidstudio\tools\;node_modules\npm\bin;C:\Program Files\nvm;C:\Program Files\nodejs;C:\Program Files\nodejs\node_modules\npm\bin;C:\Androidstudio;C:\Users\최현석\AppData\Local\Microsoft\WindowsApps;C:\Users\최현석\AppData\Local\Programs\Microsoft VS Code\bin;C:\Users\최현석\AppData\Local\GitHubDesktop\bin;C:\Users\최현석\AppData\Roaming\npm;C:\Users\최현석\go\bin;C:\Androidstudio\platform-tools;C:\Program Files\nvm;C:\Program Files\nodejs

Yarn version: 
  1.22.17

Node version: 
  16.14.0

Platform: 
  win32 x64

Trace: 
  Error: EPERM: operation not permitted, unlink 'C:\Users\최현석\Documents\GitHub\musit_nft\client\node_modules\bufferutil\prebuilds\win32-x64\node.napi.node'

npm manifest: 
  {
    "name": "client",
    "version": "0.1.0",
    "private": true,
    "dependencies": {
      "@emotion/react": "11.8.1",
      "@emotion/styled": "11.8.1",
      "@mui/icons-material": "^5.5.0",
      "@mui/material": "5.4.4",
      "@testing-library/jest-dom": "5.16.2",
      "@testing-library/react": "12.1.3",
      "@testing-library/user-event": "13.5.0",
      "react": "^17.0.2",
      "react-app-rewired": "2.2.1",
      "react-dom": "^17.0.2",
      "react-router-dom": "6.2.2",
      "react-scripts": "5.0.0",
      "web-vitals": "2.1.4",
      "web3": "1.7.1",
      "web3-utils": "1.7.1"
    },
    "scripts": {
      "start": "react-app-rewired start",
      "build": "react-app-rewired build",
      "test": "react-app-rewired test",
      "eject": "react-scripts eject"
    },
    "eslintConfig": {
      "extends": [
        "react-app",
        "react-app/jest"
      ]
    },
    "browserslist": {
      "production": [
        ">0.2%",
        "not dead",
        "not op_mini all"
      ],
      "development": [
        "last 1 chrome version",
        "last 1 firefox version",
        "last 1 safari version"
      ]
    }
  }

yarn manifest: 
  No manifest

Lockfile: 
  No lockfile
